[2025-05-04T10:49:27.382Z] [ERROR] MQTT Local Error: 
[2025-05-04T10:49:28.397Z] [ERROR] MQTT Local Error: 
[2025-05-04T10:49:28.443Z] [ERROR] Adafruit MQTT Error: Connection refused: Bad username or password
[2025-05-04T10:49:29.409Z] [ERROR] MQTT Local Error: 
[2025-05-04T10:49:30.418Z] [ERROR] MQTT Local Error: 
[2025-05-04T10:49:30.525Z] [ERROR] Adafruit MQTT Error: Connection refused: Bad username or password
[2025-05-04T10:49:31.427Z] [ERROR] MQTT Local Error: 
[2025-05-04T10:49:32.435Z] [ERROR] MQTT Local Error: 
[2025-05-04T10:49:32.604Z] [ERROR] Adafruit MQTT Error: Connection refused: Bad username or password
[2025-05-04T10:49:33.438Z] [ERROR] MQTT Local Error: 
[2025-05-04T10:49:34.389Z] [ERROR] Adafruit MQTT Error: Connection refused: Bad username or password
[2025-05-04T10:49:34.448Z] [ERROR] MQTT Local Error: 
[2025-05-04T10:49:35.461Z] [ERROR] MQTT Local Error: 
[2025-05-04T10:49:36.467Z] [ERROR] MQTT Local Error: 
[2025-05-04T10:49:36.470Z] [ERROR] Adafruit MQTT Error: Connection refused: Bad username or password
[2025-05-04T10:51:44.476Z] [ERROR] MQTT Local Error: 
[2025-05-04T10:51:45.250Z] [ERROR] Adafruit MQTT Error: Connection refused: Bad username or password
[2025-05-04T10:51:45.493Z] [ERROR] MQTT Local Error: 
[2025-05-04T10:51:46.501Z] [ERROR] MQTT Local Error: 
[2025-05-04T10:51:47.340Z] [ERROR] Adafruit MQTT Error: Connection refused: Bad username or password
[2025-05-04T10:51:47.515Z] [ERROR] MQTT Local Error: 
[2025-05-04T10:51:48.518Z] [ERROR] MQTT Local Error: 
[2025-05-04T10:51:49.129Z] [ERROR] Adafruit MQTT Error: Connection refused: Bad username or password
[2025-05-04T10:51:49.527Z] [ERROR] MQTT Local Error: 
[2025-05-04T10:51:50.531Z] [ERROR] MQTT Local Error: 
[2025-05-04T10:51:50.939Z] [ERROR] Adafruit MQTT Error: Connection refused: Bad username or password
[2025-05-04T10:51:51.542Z] [ERROR] MQTT Local Error: 
[2025-05-04T10:51:52.552Z] [ERROR] MQTT Local Error: 
[2025-05-04T10:51:53.007Z] [ERROR] Adafruit MQTT Error: Connection refused: Bad username or password
[2025-05-04T10:51:53.560Z] [ERROR] MQTT Local Error: 
[2025-05-04T10:51:54.573Z] [ERROR] MQTT Local Error: 
[2025-05-04T10:51:54.816Z] [ERROR] Adafruit MQTT Error: Connection refused: Bad username or password
[2025-05-04T10:51:55.581Z] [ERROR] MQTT Local Error: 
[2025-05-04T10:51:56.587Z] [ERROR] MQTT Local Error: 
[2025-05-04T10:51:56.943Z] [ERROR] Adafruit MQTT Error: Connection refused: Bad username or password
[2025-05-04T10:51:57.591Z] [ERROR] MQTT Local Error: 
[2025-05-04T10:51:58.603Z] [ERROR] MQTT Local Error: 
[2025-05-04T10:51:58.994Z] [ERROR] Adafruit MQTT Error: Connection refused: Bad username or password
[2025-05-04T10:51:59.609Z] [ERROR] MQTT Local Error: 
[2025-05-04T10:52:00.616Z] [ERROR] MQTT Local Error: 
[2025-05-04T10:52:00.804Z] [ERROR] Adafruit MQTT Error: Connection refused: Bad username or password
[2025-05-04T10:52:01.633Z] [ERROR] MQTT Local Error: 
[2025-05-04T10:52:02.640Z] [ERROR] MQTT Local Error: 
[2025-05-04T10:52:02.895Z] [ERROR] Adafruit MQTT Error: Connection refused: Bad username or password
[2025-05-04T10:52:38.577Z] [ERROR] MQTT Local Error: 
[2025-05-04T10:52:39.359Z] [ERROR] Adafruit MQTT Error: Connection refused: Bad username or password
[2025-05-04T10:52:39.581Z] [ERROR] MQTT Local Error: 
[2025-05-04T10:52:40.595Z] [ERROR] MQTT Local Error: 
[2025-05-04T10:52:41.484Z] [ERROR] Adafruit MQTT Error: Connection refused: Bad username or password
[2025-05-04T10:52:41.610Z] [ERROR] MQTT Local Error: 
[2025-05-04T10:52:42.623Z] [ERROR] MQTT Local Error: 
[2025-05-04T10:52:43.530Z] [ERROR] Adafruit MQTT Error: Connection refused: Bad username or password
[2025-05-04T10:52:43.638Z] [ERROR] MQTT Local Error: 
[2025-05-04T10:52:44.651Z] [ERROR] MQTT Local Error: 
[2025-05-04T10:52:45.344Z] [ERROR] Adafruit MQTT Error: Connection refused: Bad username or password
[2025-05-04T10:52:45.666Z] [ERROR] MQTT Local Error: 
[2025-05-04T10:52:46.679Z] [ERROR] MQTT Local Error: 
[2025-05-04T10:52:47.141Z] [ERROR] Adafruit MQTT Error: Connection refused: Bad username or password
[2025-05-04T10:52:47.692Z] [ERROR] MQTT Local Error: 
[2025-05-04T10:52:48.702Z] [ERROR] MQTT Local Error: 
[2025-05-04T10:52:49.206Z] [ERROR] Adafruit MQTT Error: Connection refused: Bad username or password
[2025-05-04T10:52:49.707Z] [ERROR] MQTT Local Error: 
[2025-05-04T10:52:50.711Z] [ERROR] MQTT Local Error: 
[2025-05-04T10:52:51.231Z] [ERROR] Adafruit MQTT Error: Connection refused: Bad username or password
[2025-05-04T10:52:51.726Z] [ERROR] MQTT Local Error: 
[2025-05-04T10:52:52.739Z] [ERROR] MQTT Local Error: 
[2025-05-04T10:52:53.288Z] [ERROR] Adafruit MQTT Error: Connection refused: Bad username or password
[2025-05-04T10:52:53.752Z] [ERROR] MQTT Local Error: 
[2025-05-04T10:52:54.768Z] [ERROR] MQTT Local Error: 
[2025-05-04T10:52:55.082Z] [ERROR] Adafruit MQTT Error: Connection refused: Bad username or password
[2025-05-04T10:52:55.777Z] [ERROR] MQTT Local Error: 
[2025-05-04T10:52:56.787Z] [ERROR] MQTT Local Error: 
[2025-05-04T10:52:57.163Z] [ERROR] Adafruit MQTT Error: Connection refused: Bad username or password
[2025-05-04T10:52:57.800Z] [ERROR] MQTT Local Error: 
[2025-05-04T10:52:58.815Z] [ERROR] MQTT Local Error: 
[2025-05-04T10:52:59.199Z] [ERROR] Adafruit MQTT Error: Connection refused: Bad username or password
[2025-05-04T10:52:59.828Z] [ERROR] MQTT Local Error: 
[2025-05-04T10:53:00.844Z] [ERROR] MQTT Local Error: 
[2025-05-04T10:53:00.987Z] [ERROR] Adafruit MQTT Error: Connection refused: Bad username or password
[2025-05-04T10:53:01.855Z] [ERROR] MQTT Local Error: 
[2025-05-04T10:53:02.868Z] [ERROR] MQTT Local Error: 
[2025-05-04T10:53:03.072Z] [ERROR] Adafruit MQTT Error: Connection refused: Bad username or password
[2025-05-04T10:53:03.873Z] [ERROR] MQTT Local Error: 
[2025-05-04T10:53:04.853Z] [ERROR] Adafruit MQTT Error: Connection refused: Bad username or password
[2025-05-04T10:53:04.888Z] [ERROR] MQTT Local Error: 
[2025-05-04T10:53:05.889Z] [ERROR] MQTT Local Error: 
[2025-05-04T10:53:06.657Z] [ERROR] Adafruit MQTT Error: Connection refused: Bad username or password
[2025-05-04T10:53:06.900Z] [ERROR] MQTT Local Error: 
[2025-05-04T10:53:07.916Z] [ERROR] MQTT Local Error: 
[2025-05-04T10:53:08.435Z] [ERROR] Adafruit MQTT Error: Connection refused: Bad username or password
[2025-05-04T10:53:08.932Z] [ERROR] MQTT Local Error: 
[2025-05-04T10:53:09.948Z] [ERROR] MQTT Local Error: 
[2025-05-04T10:53:10.520Z] [ERROR] Adafruit MQTT Error: Connection refused: Bad username or password
[2025-05-04T10:53:10.961Z] [ERROR] MQTT Local Error: 
[2025-05-04T10:53:11.971Z] [ERROR] MQTT Local Error: 
[2025-05-04T10:53:12.625Z] [ERROR] Adafruit MQTT Error: Connection refused: Bad username or password
[2025-05-04T10:53:12.976Z] [ERROR] MQTT Local Error: 
[2025-05-04T10:53:14.000Z] [ERROR] MQTT Local Error: 
[2025-05-04T10:53:14.673Z] [ERROR] Adafruit MQTT Error: Connection refused: Bad username or password
[2025-05-04T10:53:15.016Z] [ERROR] MQTT Local Error: 
[2025-05-04T10:53:16.019Z] [ERROR] MQTT Local Error: 
[2025-05-04T10:53:16.456Z] [ERROR] Adafruit MQTT Error: Connection refused: Bad username or password
[2025-05-04T10:53:17.023Z] [ERROR] MQTT Local Error: 
[2025-05-04T10:53:18.034Z] [ERROR] MQTT Local Error: 
[2025-05-04T10:53:18.558Z] [ERROR] Adafruit MQTT Error: Connection refused: Bad username or password
[2025-05-04T10:53:19.048Z] [ERROR] MQTT Local Error: 
[2025-05-04T10:53:20.062Z] [ERROR] MQTT Local Error: 
[2025-05-04T10:53:20.606Z] [ERROR] Adafruit MQTT Error: Connection refused: Bad username or password
[2025-05-04T10:53:21.072Z] [ERROR] MQTT Local Error: 
[2025-05-04T10:53:22.086Z] [ERROR] MQTT Local Error: 
[2025-05-04T10:53:22.398Z] [ERROR] Adafruit MQTT Error: Connection refused: Bad username or password
[2025-05-04T10:53:23.100Z] [ERROR] MQTT Local Error: 
[2025-05-04T10:53:24.108Z] [ERROR] MQTT Local Error: 
[2025-05-04T10:53:24.202Z] [ERROR] Adafruit MQTT Error: Connection refused: Bad username or password
[2025-05-04T10:53:25.118Z] [ERROR] MQTT Local Error: 
[2025-05-04T10:53:26.129Z] [ERROR] MQTT Local Error: 
[2025-05-04T10:53:26.294Z] [ERROR] Adafruit MQTT Error: Connection refused: Bad username or password
[2025-05-04T10:53:27.143Z] [ERROR] MQTT Local Error: 
[2025-05-04T10:53:28.078Z] [ERROR] Adafruit MQTT Error: Connection refused: Bad username or password
[2025-05-04T10:53:28.153Z] [ERROR] MQTT Local Error: 
[2025-05-04T10:53:29.165Z] [ERROR] MQTT Local Error: 
[2025-05-04T10:53:30.119Z] [ERROR] Adafruit MQTT Error: Connection refused: Bad username or password
[2025-05-04T10:53:30.180Z] [ERROR] MQTT Local Error: 
[2025-05-04T10:53:31.189Z] [ERROR] MQTT Local Error: 
[2025-05-04T10:53:32.174Z] [ERROR] Adafruit MQTT Error: Connection refused: Bad username or password
[2025-05-04T10:53:32.193Z] [ERROR] MQTT Local Error: 
[2025-05-04T10:53:33.204Z] [ERROR] MQTT Local Error: 
[2025-05-04T10:53:34.218Z] [ERROR] MQTT Local Error: 
[2025-05-04T10:53:34.241Z] [ERROR] Adafruit MQTT Error: Connection refused: Bad username or password
[2025-05-04T10:53:34.599Z] [WARN] MQTT not connected - message not published
[2025-05-04T10:53:35.231Z] [ERROR] MQTT Local Error: 
[2025-05-04T10:53:35.689Z] [WARN] MQTT not connected - message not published
[2025-05-04T10:53:35.718Z] [INFO] Sending to Adafruit: light = 0
[2025-05-04T10:53:35.720Z] [INFO] Successfully sent to Adafruit: light = 0
[2025-05-04T10:53:36.238Z] [ERROR] MQTT Local Error: 
[2025-05-04T10:53:36.326Z] [ERROR] Adafruit MQTT Error: Connection refused: Bad username or password
[2025-05-04T10:53:36.732Z] [INFO] Sending to Adafruit: fan = 0
[2025-05-04T10:53:36.732Z] [INFO] Successfully sent to Adafruit: fan = 0
[2025-05-04T10:53:37.242Z] [ERROR] MQTT Local Error: 
[2025-05-04T10:53:38.246Z] [ERROR] MQTT Local Error: 
[2025-05-04T10:53:38.403Z] [ERROR] Adafruit MQTT Error: Connection refused: Bad username or password
[2025-05-04T10:53:39.260Z] [ERROR] MQTT Local Error: 
[2025-05-04T10:53:40.275Z] [ERROR] MQTT Local Error: 
[2025-05-04T10:53:40.504Z] [ERROR] Adafruit MQTT Error: Connection refused: Bad username or password
[2025-05-04T10:53:41.292Z] [ERROR] MQTT Local Error: 
[2025-05-04T10:53:42.304Z] [ERROR] MQTT Local Error: 
[2025-05-04T10:53:42.574Z] [ERROR] Adafruit MQTT Error: Connection refused: Bad username or password
[2025-05-04T10:53:43.318Z] [ERROR] MQTT Local Error: 
[2025-05-04T10:53:44.332Z] [ERROR] MQTT Local Error: 
[2025-05-04T10:53:44.661Z] [ERROR] Adafruit MQTT Error: Connection refused: Bad username or password
[2025-05-04T10:53:45.348Z] [ERROR] MQTT Local Error: 
[2025-05-04T10:53:46.359Z] [ERROR] MQTT Local Error: 
[2025-05-04T10:53:46.756Z] [ERROR] Adafruit MQTT Error: Connection refused: Bad username or password
[2025-05-04T10:53:47.367Z] [ERROR] MQTT Local Error: 
[2025-05-04T10:53:48.382Z] [ERROR] MQTT Local Error: 
[2025-05-04T10:53:48.559Z] [ERROR] Adafruit MQTT Error: Connection refused: Bad username or password
[2025-05-04T10:53:49.389Z] [ERROR] MQTT Local Error: 
[2025-05-04T10:53:50.405Z] [ERROR] MQTT Local Error: 
[2025-05-04T10:53:50.627Z] [ERROR] Adafruit MQTT Error: Connection refused: Bad username or password
[2025-05-04T10:53:51.418Z] [ERROR] MQTT Local Error: 
[2025-05-04T10:53:52.432Z] [ERROR] MQTT Local Error: 
[2025-05-04T10:53:52.675Z] [ERROR] Adafruit MQTT Error: Connection refused: Bad username or password
[2025-05-04T10:53:53.447Z] [ERROR] MQTT Local Error: 
[2025-05-04T10:53:54.458Z] [ERROR] MQTT Local Error: 
[2025-05-04T10:53:54.760Z] [ERROR] Adafruit MQTT Error: Connection refused: Bad username or password
[2025-05-04T10:53:55.473Z] [ERROR] MQTT Local Error: 
[2025-05-04T10:53:56.486Z] [ERROR] MQTT Local Error: 
[2025-05-04T10:53:56.837Z] [ERROR] Adafruit MQTT Error: Connection refused: Bad username or password
[2025-05-04T10:53:57.498Z] [ERROR] MQTT Local Error: 
[2025-05-04T10:53:58.511Z] [ERROR] MQTT Local Error: 
[2025-05-04T10:53:58.931Z] [ERROR] Adafruit MQTT Error: Connection refused: Bad username or password
[2025-05-04T10:53:59.526Z] [ERROR] MQTT Local Error: 
[2025-05-04T10:54:00.535Z] [ERROR] MQTT Local Error: 
[2025-05-04T10:54:00.720Z] [ERROR] Adafruit MQTT Error: Connection refused: Bad username or password
[2025-05-04T10:54:01.547Z] [ERROR] MQTT Local Error: 
[2025-05-04T10:54:02.560Z] [ERROR] MQTT Local Error: 
[2025-05-04T10:54:02.778Z] [ERROR] Adafruit MQTT Error: Connection refused: Bad username or password
[2025-05-04T10:54:03.571Z] [ERROR] MQTT Local Error: 
[2025-05-04T10:54:04.577Z] [ERROR] Adafruit MQTT Error: Connection refused: Bad username or password
[2025-05-04T10:54:04.578Z] [ERROR] MQTT Local Error: 
[2025-05-04T10:54:05.593Z] [ERROR] MQTT Local Error: 
[2025-05-04T10:54:06.368Z] [ERROR] Adafruit MQTT Error: Connection refused: Bad username or password
[2025-05-04T10:54:06.605Z] [ERROR] MQTT Local Error: 
[2025-05-04T10:54:07.619Z] [ERROR] MQTT Local Error: 
[2025-05-04T10:54:08.455Z] [ERROR] Adafruit MQTT Error: Connection refused: Bad username or password
[2025-05-04T10:54:08.628Z] [ERROR] MQTT Local Error: 
[2025-05-04T10:54:09.643Z] [ERROR] MQTT Local Error: 
[2025-05-04T10:54:10.506Z] [ERROR] Adafruit MQTT Error: Connection refused: Bad username or password
[2025-05-04T10:54:10.655Z] [ERROR] MQTT Local Error: 
[2025-05-04T10:54:11.658Z] [ERROR] MQTT Local Error: 
[2025-05-04T10:54:12.316Z] [ERROR] Adafruit MQTT Error: Connection refused: Bad username or password
[2025-05-04T10:54:12.672Z] [ERROR] MQTT Local Error: 
[2025-05-04T10:54:13.680Z] [ERROR] MQTT Local Error: 
[2025-05-04T10:54:14.101Z] [ERROR] Adafruit MQTT Error: Connection refused: Bad username or password
[2025-05-04T10:54:14.689Z] [ERROR] MQTT Local Error: 
[2025-05-04T10:54:15.703Z] [ERROR] MQTT Local Error: 
[2025-05-04T10:54:16.188Z] [ERROR] Adafruit MQTT Error: Connection refused: Bad username or password
[2025-05-04T10:54:16.706Z] [ERROR] MQTT Local Error: 
[2025-05-04T10:54:17.708Z] [ERROR] MQTT Local Error: 
[2025-05-04T10:54:18.244Z] [ERROR] Adafruit MQTT Error: Connection refused: Bad username or password
[2025-05-04T10:54:18.714Z] [ERROR] MQTT Local Error: 
[2025-05-04T10:54:19.718Z] [ERROR] MQTT Local Error: 
[2025-05-04T10:54:20.040Z] [ERROR] Adafruit MQTT Error: Connection refused: Bad username or password
[2025-05-04T10:54:20.730Z] [ERROR] MQTT Local Error: 
[2025-05-04T10:54:21.737Z] [ERROR] MQTT Local Error: 
[2025-05-04T10:54:22.095Z] [ERROR] Adafruit MQTT Error: Connection refused: Bad username or password
[2025-05-04T10:54:22.747Z] [ERROR] MQTT Local Error: 
[2025-05-04T10:54:23.762Z] [ERROR] MQTT Local Error: 
[2025-05-04T10:54:23.919Z] [ERROR] Adafruit MQTT Error: Connection refused: Bad username or password
[2025-05-04T10:54:24.778Z] [ERROR] MQTT Local Error: 
[2025-05-04T10:54:25.791Z] [ERROR] MQTT Local Error: 
[2025-05-04T10:54:26.016Z] [ERROR] Adafruit MQTT Error: Connection refused: Bad username or password
[2025-05-04T10:54:26.807Z] [ERROR] MQTT Local Error: 
[2025-05-04T10:54:27.824Z] [ERROR] MQTT Local Error: 
[2025-05-04T10:54:28.333Z] [ERROR] Adafruit MQTT Error: Connection refused: Bad username or password
[2025-05-04T10:54:28.837Z] [ERROR] MQTT Local Error: 
[2025-05-04T10:54:29.844Z] [ERROR] MQTT Local Error: 
[2025-05-04T10:54:30.135Z] [ERROR] Adafruit MQTT Error: Connection refused: Bad username or password
[2025-05-04T10:54:30.862Z] [ERROR] MQTT Local Error: 
[2025-05-04T10:54:31.870Z] [ERROR] MQTT Local Error: 
[2025-05-04T10:54:31.912Z] [ERROR] Adafruit MQTT Error: Connection refused: Bad username or password
[2025-05-04T10:54:32.883Z] [ERROR] MQTT Local Error: 
[2025-05-04T10:54:33.897Z] [ERROR] MQTT Local Error: 
[2025-05-04T10:54:33.996Z] [ERROR] Adafruit MQTT Error: Connection refused: Bad username or password
[2025-05-04T10:54:34.913Z] [ERROR] MQTT Local Error: 
[2025-05-04T10:54:35.930Z] [ERROR] MQTT Local Error: 
[2025-05-04T10:54:36.050Z] [ERROR] Adafruit MQTT Error: Connection refused: Bad username or password
[2025-05-04T10:54:36.943Z] [ERROR] MQTT Local Error: 
[2025-05-04T10:54:37.956Z] [ERROR] MQTT Local Error: 
[2025-05-04T10:54:38.148Z] [ERROR] Adafruit MQTT Error: Connection refused: Bad username or password
[2025-05-04T10:54:38.969Z] [ERROR] MQTT Local Error: 
[2025-05-04T10:54:39.985Z] [ERROR] MQTT Local Error: 
[2025-05-04T10:54:40.242Z] [ERROR] Adafruit MQTT Error: Connection refused: Bad username or password
[2025-05-04T10:54:40.994Z] [ERROR] MQTT Local Error: 
[2025-05-04T10:54:42.006Z] [ERROR] MQTT Local Error: 
[2025-05-04T10:54:42.050Z] [ERROR] Adafruit MQTT Error: Connection refused: Bad username or password
[2025-05-04T10:54:43.022Z] [ERROR] MQTT Local Error: 
[2025-05-04T10:54:44.033Z] [ERROR] MQTT Local Error: 
[2025-05-04T10:54:44.115Z] [ERROR] Adafruit MQTT Error: Connection refused: Bad username or password
[2025-05-04T10:54:45.044Z] [ERROR] MQTT Local Error: 
[2025-05-04T10:54:46.057Z] [ERROR] MQTT Local Error: 
[2025-05-04T10:54:46.207Z] [ERROR] Adafruit MQTT Error: Connection refused: Bad username or password
[2025-05-04T10:54:47.068Z] [ERROR] MQTT Local Error: 
[2025-05-04T10:54:47.979Z] [ERROR] Adafruit MQTT Error: Connection refused: Bad username or password
[2025-05-04T10:54:48.083Z] [ERROR] MQTT Local Error: 
[2025-05-04T10:54:49.087Z] [ERROR] MQTT Local Error: 
[2025-05-04T10:54:50.040Z] [ERROR] Adafruit MQTT Error: Connection refused: Bad username or password
[2025-05-04T10:54:50.092Z] [ERROR] MQTT Local Error: 
[2025-05-04T10:54:51.110Z] [ERROR] MQTT Local Error: 
[2025-05-04T10:54:52.103Z] [ERROR] Adafruit MQTT Error: Connection refused: Bad username or password
[2025-05-04T10:54:52.124Z] [ERROR] MQTT Local Error: 
[2025-05-04T10:54:53.140Z] [ERROR] MQTT Local Error: 
[2025-05-04T10:54:54.137Z] [ERROR] Adafruit MQTT Error: Connection refused: Bad username or password
[2025-05-04T10:54:54.152Z] [ERROR] MQTT Local Error: 
[2025-05-04T10:54:55.154Z] [ERROR] MQTT Local Error: 
[2025-05-04T10:54:55.940Z] [ERROR] Adafruit MQTT Error: Connection refused: Bad username or password
[2025-05-04T10:54:56.155Z] [ERROR] MQTT Local Error: 
[2025-05-04T10:54:57.168Z] [ERROR] MQTT Local Error: 
[2025-05-04T10:54:57.980Z] [ERROR] Adafruit MQTT Error: Connection refused: Bad username or password
[2025-05-04T10:54:58.183Z] [ERROR] MQTT Local Error: 
[2025-05-04T10:54:59.198Z] [ERROR] MQTT Local Error: 
[2025-05-04T10:55:00.049Z] [ERROR] Adafruit MQTT Error: Connection refused: Bad username or password
[2025-05-04T10:55:00.212Z] [ERROR] MQTT Local Error: 
[2025-05-04T10:55:01.224Z] [ERROR] MQTT Local Error: 
[2025-05-04T10:55:01.830Z] [ERROR] Adafruit MQTT Error: Connection refused: Bad username or password
[2025-05-04T10:55:02.238Z] [ERROR] MQTT Local Error: 
[2025-05-04T10:55:03.249Z] [ERROR] MQTT Local Error: 
[2025-05-04T10:55:03.938Z] [ERROR] Adafruit MQTT Error: Connection refused: Bad username or password
[2025-05-04T10:55:04.259Z] [ERROR] MQTT Local Error: 
[2025-05-04T10:55:05.261Z] [ERROR] MQTT Local Error: 
[2025-05-04T10:55:05.735Z] [ERROR] Adafruit MQTT Error: Connection refused: Bad username or password
[2025-05-04T10:55:06.264Z] [ERROR] MQTT Local Error: 
[2025-05-04T10:55:07.271Z] [ERROR] MQTT Local Error: 
[2025-05-04T10:55:07.808Z] [ERROR] Adafruit MQTT Error: Connection refused: Bad username or password
[2025-05-04T10:55:08.279Z] [ERROR] MQTT Local Error: 
[2025-05-04T10:55:09.290Z] [ERROR] MQTT Local Error: 
[2025-05-04T10:55:09.898Z] [ERROR] Adafruit MQTT Error: Connection refused: Bad username or password
[2025-05-04T10:55:10.299Z] [ERROR] MQTT Local Error: 
[2025-05-04T10:55:11.305Z] [ERROR] MQTT Local Error: 
[2025-05-04T10:55:11.982Z] [ERROR] Adafruit MQTT Error: Connection refused: Bad username or password
[2025-05-04T10:55:12.316Z] [ERROR] MQTT Local Error: 
[2025-05-04T10:55:13.332Z] [ERROR] MQTT Local Error: 
[2025-05-04T10:55:14.083Z] [ERROR] Adafruit MQTT Error: Connection refused: Bad username or password
[2025-05-04T10:55:14.346Z] [ERROR] MQTT Local Error: 
[2025-05-04T10:55:15.356Z] [ERROR] MQTT Local Error: 
[2025-05-04T10:55:16.171Z] [ERROR] Adafruit MQTT Error: Connection refused: Bad username or password
[2025-05-04T10:55:16.366Z] [ERROR] MQTT Local Error: 
[2025-05-04T10:55:17.376Z] [ERROR] MQTT Local Error: 
[2025-05-04T10:55:17.946Z] [ERROR] Adafruit MQTT Error: Connection refused: Bad username or password
[2025-05-04T10:55:18.386Z] [ERROR] MQTT Local Error: 
[2025-05-04T10:55:19.389Z] [ERROR] MQTT Local Error: 
[2025-05-04T10:55:19.998Z] [ERROR] Adafruit MQTT Error: Connection refused: Bad username or password
[2025-05-04T10:55:20.392Z] [ERROR] MQTT Local Error: 
[2025-05-04T10:55:21.401Z] [ERROR] MQTT Local Error: 
[2025-05-04T10:55:21.646Z] [WARN] MQTT not connected - message not published
[2025-05-04T10:55:22.060Z] [ERROR] Adafruit MQTT Error: Connection refused: Bad username or password
[2025-05-04T10:55:22.103Z] [WARN] MQTT not connected - message not published
[2025-05-04T10:55:22.410Z] [ERROR] MQTT Local Error: 
[2025-05-04T10:55:22.455Z] [INFO] Sending to Adafruit: fan = 1
[2025-05-04T10:55:22.455Z] [INFO] Successfully sent to Adafruit: fan = 1
[2025-05-04T10:55:23.169Z] [INFO] Sending to Adafruit: light = 1
[2025-05-04T10:55:23.169Z] [INFO] Successfully sent to Adafruit: light = 1
[2025-05-04T10:55:23.417Z] [ERROR] MQTT Local Error: 
[2025-05-04T10:55:23.844Z] [ERROR] Adafruit MQTT Error: Connection refused: Bad username or password
[2025-05-04T10:55:24.419Z] [ERROR] MQTT Local Error: 
[2025-05-04T10:55:25.424Z] [ERROR] MQTT Local Error: 
[2025-05-04T10:55:25.906Z] [ERROR] Adafruit MQTT Error: Connection refused: Bad username or password
[2025-05-04T10:55:26.440Z] [ERROR] MQTT Local Error: 
[2025-05-04T10:55:27.443Z] [ERROR] MQTT Local Error: 
[2025-05-04T10:55:27.973Z] [ERROR] Adafruit MQTT Error: Connection refused: Bad username or password
[2025-05-04T10:55:28.457Z] [ERROR] MQTT Local Error: 
[2025-05-04T10:55:29.471Z] [ERROR] MQTT Local Error: 
[2025-05-04T10:55:30.041Z] [ERROR] Adafruit MQTT Error: Connection refused: Bad username or password
[2025-05-04T10:55:30.477Z] [ERROR] MQTT Local Error: 
[2025-05-04T10:55:31.486Z] [ERROR] MQTT Local Error: 
[2025-05-04T10:55:31.833Z] [ERROR] Adafruit MQTT Error: Connection refused: Bad username or password
[2025-05-04T10:55:32.490Z] [ERROR] MQTT Local Error: 
[2025-05-04T10:55:32.773Z] [WARN] MQTT not connected - message not published
[2025-05-04T10:55:33.502Z] [ERROR] MQTT Local Error: 
[2025-05-04T10:55:33.519Z] [WARN] MQTT not connected - message not published
[2025-05-04T10:55:33.562Z] [INFO] Successfully sent to Adafruit: fan = 0
[2025-05-04T10:55:33.561Z] [INFO] Sending to Adafruit: fan = 0
[2025-05-04T10:55:33.908Z] [ERROR] Adafruit MQTT Error: Connection refused: Bad username or password
[2025-05-04T10:55:34.506Z] [ERROR] MQTT Local Error: 
[2025-05-04T10:55:34.589Z] [INFO] Sending to Adafruit: light = 0
[2025-05-04T10:55:34.589Z] [INFO] Successfully sent to Adafruit: light = 0
[2025-05-04T10:55:35.518Z] [ERROR] MQTT Local Error: 
[2025-05-04T10:55:35.701Z] [ERROR] Adafruit MQTT Error: Connection refused: Bad username or password
[2025-05-04T10:55:36.529Z] [ERROR] MQTT Local Error: 
[2025-05-04T10:55:37.486Z] [ERROR] Adafruit MQTT Error: Connection refused: Bad username or password
[2025-05-04T10:55:37.540Z] [ERROR] MQTT Local Error: 
[2025-05-04T10:55:38.554Z] [ERROR] MQTT Local Error: 
[2025-05-04T10:55:39.538Z] [ERROR] Adafruit MQTT Error: Connection refused: Bad username or password
[2025-05-04T10:55:39.568Z] [ERROR] MQTT Local Error: 
[2025-05-04T10:55:40.581Z] [ERROR] MQTT Local Error: 
[2025-05-04T10:55:41.594Z] [ERROR] MQTT Local Error: 
[2025-05-04T10:55:41.620Z] [ERROR] Adafruit MQTT Error: Connection refused: Bad username or password
[2025-05-04T10:55:42.609Z] [ERROR] MQTT Local Error: 
[2025-05-04T10:55:43.617Z] [ERROR] MQTT Local Error: 
[2025-05-04T10:55:43.724Z] [ERROR] Adafruit MQTT Error: Connection refused: Bad username or password
[2025-05-04T10:55:44.627Z] [ERROR] MQTT Local Error: 
